<?xml version="1.0" encoding="UTF-8"?>
<!-- Generated by org.testng.reporters.JUnitReportReporter -->
<testsuite hostname="DESKTOP-R8QAM61" failures="0" tests="38" name="UserManagement.demo" time="26.253" errors="2" timestamp="2023-07-31T16:12:59 IST" skipped="36">
  <testcase classname="UserManagement.demo" name="beforeClass" time="15.111">
    <error message="Unable to find element with locator By.xpath: (//li[@class=&#039;MuiListItem-root MuiListItem-gutters css-1k0ezhg&#039;])[2]
For documentation on this error, please visit: https://www.selenium.dev/documentation/webdriver/troubleshooting/errors#no-such-element-exception
Build info: version: &#039;4.10.0&#039;, revision: &#039;c14d967899&#039;
System info: os.name: &#039;Windows 10&#039;, os.arch: &#039;amd64&#039;, os.version: &#039;10.0&#039;, java.version: &#039;20.0.2&#039;
Driver info: driver.version: RemoteWebDriver" type="org.openqa.selenium.NoSuchElementException">
      <![CDATA[org.openqa.selenium.NoSuchElementException: Unable to find element with locator By.xpath: (//li[@class='MuiListItem-root MuiListItem-gutters css-1k0ezhg'])[2]
For documentation on this error, please visit: https://www.selenium.dev/documentation/webdriver/troubleshooting/errors#no-such-element-exception
Build info: version: '4.10.0', revision: 'c14d967899'
System info: os.name: 'Windows 10', os.arch: 'amd64', os.version: '10.0', java.version: '20.0.2'
Driver info: driver.version: RemoteWebDriver
at org.openqa.selenium.remote.ElementLocation$ElementFinder$2.findElement(ElementLocation.java:168)
at org.openqa.selenium.remote.ElementLocation.findElement(ElementLocation.java:59)
at org.openqa.selenium.remote.RemoteWebDriver.findElement(RemoteWebDriver.java:350)
at org.openqa.selenium.remote.RemoteWebDriver.findElement(RemoteWebDriver.java:344)
at org.openqa.selenium.support.pagefactory.DefaultElementLocator.findElement(DefaultElementLocator.java:68)
at org.openqa.selenium.support.pagefactory.internal.LocatingElementHandler.invoke(LocatingElementHandler.java:38)
at jdk.proxy2/jdk.proxy2.$Proxy19.click(Unknown Source)
at pages.UserManagement.clickOnUserManagement(UserManagement.java:26)
at UserManagement.demo.beforeClass(demo.java:70)
at java.base/jdk.internal.reflect.DirectMethodHandleAccessor.invoke(DirectMethodHandleAccessor.java:104)
at java.base/java.lang.reflect.Method.invoke(Method.java:578)
at org.testng.internal.invokers.MethodInvocationHelper.invokeMethod(MethodInvocationHelper.java:139)
at org.testng.internal.invokers.MethodInvocationHelper.invokeMethodConsideringTimeout(MethodInvocationHelper.java:69)
at org.testng.internal.invokers.ConfigInvoker.invokeConfigurationMethod(ConfigInvoker.java:390)
at org.testng.internal.invokers.ConfigInvoker.invokeConfigurations(ConfigInvoker.java:325)
at org.testng.internal.invokers.TestMethodWorker.invokeBeforeClassMethods(TestMethodWorker.java:180)
at org.testng.internal.invokers.TestMethodWorker.run(TestMethodWorker.java:122)
at java.base/java.util.ArrayList.forEach(ArrayList.java:1511)
at org.testng.TestRunner.privateRun(TestRunner.java:848)
at org.testng.TestRunner.run(TestRunner.java:621)
at org.testng.SuiteRunner.runTest(SuiteRunner.java:443)
at org.testng.SuiteRunner$SuiteWorker.run(SuiteRunner.java:481)
at org.testng.internal.thread.ThreadUtil.lambda$execute$0(ThreadUtil.java:58)
at java.base/java.util.concurrent.FutureTask.run(FutureTask.java:317)
at java.base/java.util.concurrent.ThreadPoolExecutor.runWorker(ThreadPoolExecutor.java:1144)
at java.base/java.util.concurrent.ThreadPoolExecutor$Worker.run(ThreadPoolExecutor.java:642)
at java.base/java.lang.Thread.run(Thread.java:1623)
]]>
    </error>
  </testcase> <!-- beforeClass -->
  <testcase classname="UserManagement.demo" name="selectAdmin" time="0.000">
    <skipped/>
  </testcase> <!-- selectAdmin -->
  <testcase classname="UserManagement.demo" name="beforeClass" time="11.125">
    <error message="target frame detached
  (failed to check if window was closed: disconnected: Unable to receive message from renderer)
  (Session info: chrome=115.0.5790.110)
Build info: version: &#039;4.10.0&#039;, revision: &#039;c14d967899&#039;
System info: os.name: &#039;Windows 10&#039;, os.arch: &#039;amd64&#039;, os.version: &#039;10.0&#039;, java.version: &#039;20.0.2&#039;
Driver info: org.openqa.selenium.chrome.ChromeDriver
Command: [5d3596ae6c1e9be1335f2c930621f1f2, findElement {using=xpath, value=(//li[@class=&#039;MuiListItem-root MuiListItem-gutters css-1k0ezhg&#039;])[2]}]
Capabilities {acceptInsecureCerts: false, browserName: chrome, browserVersion: 115.0.5790.110, chrome: {chromedriverVersion: 114.0.5735.90 (386bc09e8f4f..., userDataDir: C:\Users\INVEST~1\AppData\L...}, goog:chromeOptions: {debuggerAddress: localhost:52421}, networkConnectionEnabled: false, pageLoadStrategy: normal, platformName: windows, proxy: Proxy(), se:cdp: ws://localhost:52421/devtoo..., se:cdpVersion: 115.0.5790.110, setWindowRect: true, strictFileInteractability: false, timeouts: {implicit: 0, pageLoad: 300000, script: 30000}, unhandledPromptBehavior: dismiss and notify, webauthn:extension:credBlob: true, webauthn:extension:largeBlob: true, webauthn:extension:minPinLength: true, webauthn:extension:prf: true, webauthn:virtualAuthenticators: true}
Session ID: 5d3596ae6c1e9be1335f2c930621f1f2" type="org.openqa.selenium.WebDriverException">
      <![CDATA[org.openqa.selenium.WebDriverException: target frame detached
  (failed to check if window was closed: disconnected: Unable to receive message from renderer)
  (Session info: chrome=115.0.5790.110)
Build info: version: '4.10.0', revision: 'c14d967899'
System info: os.name: 'Windows 10', os.arch: 'amd64', os.version: '10.0', java.version: '20.0.2'
Driver info: org.openqa.selenium.chrome.ChromeDriver
Command: [5d3596ae6c1e9be1335f2c930621f1f2, findElement {using=xpath, value=(//li[@class='MuiListItem-root MuiListItem-gutters css-1k0ezhg'])[2]}]
Capabilities {acceptInsecureCerts: false, browserName: chrome, browserVersion: 115.0.5790.110, chrome: {chromedriverVersion: 114.0.5735.90 (386bc09e8f4f..., userDataDir: C:\Users\INVEST~1\AppData\L...}, goog:chromeOptions: {debuggerAddress: localhost:52421}, networkConnectionEnabled: false, pageLoadStrategy: normal, platformName: windows, proxy: Proxy(), se:cdp: ws://localhost:52421/devtoo..., se:cdpVersion: 115.0.5790.110, setWindowRect: true, strictFileInteractability: false, timeouts: {implicit: 0, pageLoad: 300000, script: 30000}, unhandledPromptBehavior: dismiss and notify, webauthn:extension:credBlob: true, webauthn:extension:largeBlob: true, webauthn:extension:minPinLength: true, webauthn:extension:prf: true, webauthn:virtualAuthenticators: true}
Session ID: 5d3596ae6c1e9be1335f2c930621f1f2
at java.base/jdk.internal.reflect.DirectConstructorHandleAccessor.newInstance(DirectConstructorHandleAccessor.java:67)
at java.base/java.lang.reflect.Constructor.newInstanceWithCaller(Constructor.java:500)
at java.base/java.lang.reflect.Constructor.newInstance(Constructor.java:484)
at org.openqa.selenium.remote.codec.w3c.W3CHttpResponseCodec.createException(W3CHttpResponseCodec.java:199)
at org.openqa.selenium.remote.codec.w3c.W3CHttpResponseCodec.decode(W3CHttpResponseCodec.java:132)
at org.openqa.selenium.remote.codec.w3c.W3CHttpResponseCodec.decode(W3CHttpResponseCodec.java:51)
at org.openqa.selenium.remote.HttpCommandExecutor.execute(HttpCommandExecutor.java:191)
at org.openqa.selenium.remote.service.DriverCommandExecutor.invokeExecute(DriverCommandExecutor.java:196)
at org.openqa.selenium.remote.service.DriverCommandExecutor.execute(DriverCommandExecutor.java:171)
at org.openqa.selenium.remote.RemoteWebDriver.execute(RemoteWebDriver.java:531)
at org.openqa.selenium.remote.ElementLocation$ElementFinder$2.findElement(ElementLocation.java:165)
at org.openqa.selenium.remote.ElementLocation.findElement(ElementLocation.java:59)
at org.openqa.selenium.remote.RemoteWebDriver.findElement(RemoteWebDriver.java:350)
at org.openqa.selenium.remote.RemoteWebDriver.findElement(RemoteWebDriver.java:344)
at org.openqa.selenium.support.pagefactory.DefaultElementLocator.findElement(DefaultElementLocator.java:68)
at org.openqa.selenium.support.pagefactory.internal.LocatingElementHandler.invoke(LocatingElementHandler.java:38)
at jdk.proxy2/jdk.proxy2.$Proxy19.click(Unknown Source)
at pages.UserManagement.clickOnUserManagement(UserManagement.java:26)
at UserManagement.demo.beforeClass(demo.java:70)
at java.base/jdk.internal.reflect.DirectMethodHandleAccessor.invoke(DirectMethodHandleAccessor.java:104)
at java.base/java.lang.reflect.Method.invoke(Method.java:578)
at org.testng.internal.invokers.MethodInvocationHelper.invokeMethod(MethodInvocationHelper.java:139)
at org.testng.internal.invokers.MethodInvocationHelper.invokeMethodConsideringTimeout(MethodInvocationHelper.java:69)
at org.testng.internal.invokers.ConfigInvoker.invokeConfigurationMethod(ConfigInvoker.java:390)
at org.testng.internal.invokers.ConfigInvoker.invokeConfigurations(ConfigInvoker.java:325)
at org.testng.internal.invokers.TestMethodWorker.invokeBeforeClassMethods(TestMethodWorker.java:180)
at org.testng.internal.invokers.TestMethodWorker.run(TestMethodWorker.java:122)
at java.base/java.util.ArrayList.forEach(ArrayList.java:1511)
at org.testng.TestRunner.privateRun(TestRunner.java:848)
at org.testng.TestRunner.run(TestRunner.java:621)
at org.testng.SuiteRunner.runTest(SuiteRunner.java:443)
at org.testng.SuiteRunner$SuiteWorker.run(SuiteRunner.java:481)
at org.testng.internal.thread.ThreadUtil.lambda$execute$0(ThreadUtil.java:58)
at java.base/java.util.concurrent.FutureTask.run(FutureTask.java:317)
at java.base/java.util.concurrent.ThreadPoolExecutor.runWorker(ThreadPoolExecutor.java:1144)
at java.base/java.util.concurrent.ThreadPoolExecutor$Worker.run(ThreadPoolExecutor.java:642)
at java.base/java.lang.Thread.run(Thread.java:1623)
]]>
    </error>
  </testcase> <!-- beforeClass -->
  <testcase classname="UserManagement.demo" name="selectAdmin" time="0.000">
    <skipped/>
  </testcase> <!-- selectAdmin -->
  <testcase classname="UserManagement.demo" name="selectUserRole" time="0.000">
    <skipped/>
  </testcase> <!-- selectUserRole -->
  <testcase classname="UserManagement.demo" name="selectUserRole" time="0.000">
    <skipped/>
  </testcase> <!-- selectUserRole -->
  <testcase classname="UserManagement.demo" name="selectBrokertab" time="0.000">
    <skipped/>
  </testcase> <!-- selectBrokertab -->
  <testcase classname="UserManagement.demo" name="selectBrokertab" time="0.000">
    <skipped/>
  </testcase> <!-- selectBrokertab -->
  <testcase classname="UserManagement.demo" name="selectFirstName" time="0.001">
    <skipped/>
  </testcase> <!-- selectFirstName -->
  <testcase classname="UserManagement.demo" name="selectFirstName" time="0.000">
    <skipped/>
  </testcase> <!-- selectFirstName -->
  <testcase classname="UserManagement.demo" name="selectMiddleName" time="0.000">
    <skipped/>
  </testcase> <!-- selectMiddleName -->
  <testcase classname="UserManagement.demo" name="selectMiddleName" time="0.000">
    <skipped/>
  </testcase> <!-- selectMiddleName -->
  <testcase classname="UserManagement.demo" name="selectLastName" time="0.000">
    <skipped/>
  </testcase> <!-- selectLastName -->
  <testcase classname="UserManagement.demo" name="selectLastName" time="0.000">
    <skipped/>
  </testcase> <!-- selectLastName -->
  <testcase classname="UserManagement.demo" name="selectMobileNo" time="0.003">
    <skipped/>
  </testcase> <!-- selectMobileNo -->
  <testcase classname="UserManagement.demo" name="selectMobileNo" time="0.000">
    <skipped/>
  </testcase> <!-- selectMobileNo -->
  <testcase classname="UserManagement.demo" name="selectEmailId" time="0.001">
    <skipped/>
  </testcase> <!-- selectEmailId -->
  <testcase classname="UserManagement.demo" name="selectEmailId" time="0.000">
    <skipped/>
  </testcase> <!-- selectEmailId -->
  <testcase classname="UserManagement.demo" name="selectEmployeeCode" time="0.000">
    <skipped/>
  </testcase> <!-- selectEmployeeCode -->
  <testcase classname="UserManagement.demo" name="selectEmployeeCode" time="0.008">
    <skipped/>
  </testcase> <!-- selectEmployeeCode -->
  <testcase classname="UserManagement.demo" name="selectManager" time="0.001">
    <skipped/>
  </testcase> <!-- selectManager -->
  <testcase classname="UserManagement.demo" name="selectManager" time="0.003">
    <skipped/>
  </testcase> <!-- selectManager -->
  <testcase classname="UserManagement.demo" name="selectGroupHead">
    <skipped/>
  </testcase> <!-- selectGroupHead -->
  <testcase classname="UserManagement.demo" name="selectTeamLeader">
    <skipped/>
  </testcase> <!-- selectTeamLeader -->
  <testcase classname="UserManagement.demo" name="selectManufacture">
    <skipped/>
  </testcase> <!-- selectManufacture -->
  <testcase classname="UserManagement.demo" name="submitbutton">
    <skipped/>
  </testcase> <!-- submitbutton -->
  <testcase classname="UserManagement.demo" name="selectGroupHead">
    <skipped/>
  </testcase> <!-- selectGroupHead -->
  <testcase classname="UserManagement.demo" name="selectDistributor">
    <skipped/>
  </testcase> <!-- selectDistributor -->
  <testcase classname="UserManagement.demo" name="submitbutton">
    <skipped/>
  </testcase> <!-- submitbutton -->
  <testcase classname="UserManagement.demo" name="selectUserCompany">
    <skipped/>
  </testcase> <!-- selectUserCompany -->
  <testcase classname="UserManagement.demo" name="selectDistributor">
    <skipped/>
  </testcase> <!-- selectDistributor -->
  <testcase classname="UserManagement.demo" name="selectBackOffice">
    <skipped/>
  </testcase> <!-- selectBackOffice -->
  <testcase classname="UserManagement.demo" name="selectUserCompany">
    <skipped/>
  </testcase> <!-- selectUserCompany -->
  <testcase classname="UserManagement.demo" name="selectCompanyHead">
    <skipped/>
  </testcase> <!-- selectCompanyHead -->
  <testcase classname="UserManagement.demo" name="selectBackOffice">
    <skipped/>
  </testcase> <!-- selectBackOffice -->
  <testcase classname="UserManagement.demo" name="selectCompanyHead">
    <skipped/>
  </testcase> <!-- selectCompanyHead -->
  <testcase classname="UserManagement.demo" name="selectManufacture">
    <skipped/>
  </testcase> <!-- selectManufacture -->
  <testcase classname="UserManagement.demo" name="selectTeamLeader">
    <skipped/>
  </testcase> <!-- selectTeamLeader -->
</testsuite> <!-- UserManagement.demo -->
